nohup: ignoring input
Bad Request: /api/resource
[15/Jun/2023 17:17:42] "POST /api/resource HTTP/1.1" 400 53
Bad Request: /api/resource
[15/Jun/2023 17:17:43] "POST /api/resource HTTP/1.1" 400 53
Bad Request: /api/message
[15/Jun/2023 17:17:43] "POST /api/message HTTP/1.1" 400 53
Bad Request: /api/resource
[15/Jun/2023 17:17:43] "POST /api/resource HTTP/1.1" 400 53
Bad Request: /api/resource
[15/Jun/2023 17:17:43] "POST /api/resource HTTP/1.1" 400 53
Bad Request: /api/resource
[15/Jun/2023 17:17:43] "POST /api/resource HTTP/1.1" 400 53
Bad Request: /api/resource
[15/Jun/2023 17:17:43] "POST /api/resource HTTP/1.1" 400 53
Bad Request: /api/resource
[15/Jun/2023 17:17:43] "POST /api/resource HTTP/1.1" 400 53
Bad Request: /api/resource
[15/Jun/2023 17:17:43] "POST /api/resource HTTP/1.1" 400 53
Bad Request: /api/resource
[15/Jun/2023 17:17:43] "POST /api/resource HTTP/1.1" 400 53
[15/Jun/2023 17:17:43] "POST /api/login HTTP/1.1" 200 45
Bad Request: /api/resource
[15/Jun/2023 17:17:43] "POST /api/resource HTTP/1.1" 400 53
Bad Request: /api/resource
[15/Jun/2023 17:17:43] "POST /api/resource HTTP/1.1" 400 53
Bad Request: /api/resource
[15/Jun/2023 17:17:43] "POST /api/resource HTTP/1.1" 400 53
Bad Request: /api/resource
[15/Jun/2023 17:17:43] "POST /api/resource HTTP/1.1" 400 53
Bad Request: /api/resource
[15/Jun/2023 17:17:43] "POST /api/resource HTTP/1.1" 400 53
Bad Request: /api/resource
[15/Jun/2023 17:17:43] "POST /api/resource HTTP/1.1" 400 53
Bad Request: /api/resource
[15/Jun/2023 17:17:43] "POST /api/resource HTTP/1.1" 400 53
Bad Request: /api/resource
[15/Jun/2023 17:17:43] "POST /api/resource HTTP/1.1" 400 53
Bad Request: /api/resource
[15/Jun/2023 17:17:43] "POST /api/resource HTTP/1.1" 400 53
Bad Request: /api/resource
[15/Jun/2023 17:17:43] "POST /api/resource HTTP/1.1" 400 53
Bad Request: /api/resource
[15/Jun/2023 17:17:43] "POST /api/resource HTTP/1.1" 400 53
Bad Request: /api/resource
[15/Jun/2023 17:17:43] "POST /api/resource HTTP/1.1" 400 53
Bad Request: /api/resource
[15/Jun/2023 17:17:43] "POST /api/resource HTTP/1.1" 400 53
Bad Request: /api/resource
Bad Request: /api/resource
[15/Jun/2023 17:17:43] "POST /api/resource HTTP/1.1" 400 53
[15/Jun/2023 17:17:43] "POST /api/resource HTTP/1.1" 400 53
[15/Jun/2023 17:17:43] "POST /api/login HTTP/1.1" 200 45
[15/Jun/2023 17:17:43] "POST /api/leaderboard/mana HTTP/1.1" 200 749
Bad Request: /api/resource
[15/Jun/2023 17:17:43] "POST /api/resource HTTP/1.1" 400 53
Bad Request: /api/resource
[15/Jun/2023 17:17:43] "POST /api/resource HTTP/1.1" 400 53
[15/Jun/2023 17:17:43] "POST /api/resource HTTP/1.1" 200 130
[15/Jun/2023 17:17:43] "POST /api/resource HTTP/1.1" 200 130
[15/Jun/2023 17:17:43] "POST /api/resource HTTP/1.1" 200 130
[15/Jun/2023 17:17:43] "POST /api/resource HTTP/1.1" 200 130
[15/Jun/2023 17:17:44] "POST /api/resource HTTP/1.1" 200 130
[15/Jun/2023 17:17:44] "POST /api/resource HTTP/1.1" 200 130
[15/Jun/2023 17:17:44] "POST /api/resource HTTP/1.1" 200 130
[15/Jun/2023 17:17:44] "POST /api/resource HTTP/1.1" 200 130
[15/Jun/2023 17:17:45] "POST /api/resource HTTP/1.1" 200 130
